=== puma startup: 2019-11-21 14:14:08 +0200 ===
/home/server/.rbenv/versions/2.5.1/lib/ruby/gems/2.5.0/gems/puma-3.11.4/lib/puma/binder.rb:368:in `listen': Address already in use - listen(2) (Errno::EADDRINUSE)
	from /home/server/.rbenv/versions/2.5.1/lib/ruby/gems/2.5.0/gems/puma-3.11.4/lib/puma/binder.rb:368:in `add_unix_listener'
	from (eval):2:in `add_unix_listener'
	from /home/server/.rbenv/versions/2.5.1/lib/ruby/gems/2.5.0/gems/puma-3.11.4/lib/puma/runner.rb:65:in `start_control'
	from /home/server/.rbenv/versions/2.5.1/lib/ruby/gems/2.5.0/gems/puma-3.11.4/lib/puma/cluster.rb:447:in `run'
	from /home/server/.rbenv/versions/2.5.1/lib/ruby/gems/2.5.0/gems/puma-3.11.4/lib/puma/launcher.rb:184:in `run'
	from /home/server/.rbenv/versions/2.5.1/lib/ruby/gems/2.5.0/gems/puma-3.11.4/lib/rack/handler/puma.rb:70:in `run'
	from /home/server/.rbenv/versions/2.5.1/lib/ruby/gems/2.5.0/gems/rack-2.0.5/lib/rack/server.rb:297:in `start'
	from /home/server/.rbenv/versions/2.5.1/lib/ruby/gems/2.5.0/gems/railties-5.2.0/lib/rails/commands/server/server_command.rb:53:in `start'
	from /home/server/.rbenv/versions/2.5.1/lib/ruby/gems/2.5.0/gems/railties-5.2.0/lib/rails/commands/server/server_command.rb:147:in `block in perform'
	from /home/server/.rbenv/versions/2.5.1/lib/ruby/gems/2.5.0/gems/railties-5.2.0/lib/rails/commands/server/server_command.rb:142:in `tap'
	from /home/server/.rbenv/versions/2.5.1/lib/ruby/gems/2.5.0/gems/railties-5.2.0/lib/rails/commands/server/server_command.rb:142:in `perform'
	from /home/server/.rbenv/versions/2.5.1/lib/ruby/gems/2.5.0/gems/thor-0.20.0/lib/thor/command.rb:27:in `run'
	from /home/server/.rbenv/versions/2.5.1/lib/ruby/gems/2.5.0/gems/thor-0.20.0/lib/thor/invocation.rb:126:in `invoke_command'
	from /home/server/.rbenv/versions/2.5.1/lib/ruby/gems/2.5.0/gems/thor-0.20.0/lib/thor.rb:387:in `dispatch'
	from /home/server/.rbenv/versions/2.5.1/lib/ruby/gems/2.5.0/gems/railties-5.2.0/lib/rails/command/base.rb:65:in `perform'
	from /home/server/.rbenv/versions/2.5.1/lib/ruby/gems/2.5.0/gems/railties-5.2.0/lib/rails/command.rb:46:in `invoke'
	from /home/server/.rbenv/versions/2.5.1/lib/ruby/gems/2.5.0/gems/railties-5.2.0/lib/rails/commands.rb:18:in `<main>'
	from /home/server/.rbenv/versions/2.5.1/lib/ruby/gems/2.5.0/gems/bootsnap-1.3.1/lib/bootsnap/load_path_cache/core_ext/kernel_require.rb:21:in `require'
	from /home/server/.rbenv/versions/2.5.1/lib/ruby/gems/2.5.0/gems/bootsnap-1.3.1/lib/bootsnap/load_path_cache/core_ext/kernel_require.rb:21:in `block in require_with_bootsnap_lfi'
	from /home/server/.rbenv/versions/2.5.1/lib/ruby/gems/2.5.0/gems/bootsnap-1.3.1/lib/bootsnap/load_path_cache/loaded_features_index.rb:65:in `register'
	from /home/server/.rbenv/versions/2.5.1/lib/ruby/gems/2.5.0/gems/bootsnap-1.3.1/lib/bootsnap/load_path_cache/core_ext/kernel_require.rb:20:in `require_with_bootsnap_lfi'
	from /home/server/.rbenv/versions/2.5.1/lib/ruby/gems/2.5.0/gems/bootsnap-1.3.1/lib/bootsnap/load_path_cache/core_ext/kernel_require.rb:29:in `require'
	from /home/server/.rbenv/versions/2.5.1/lib/ruby/gems/2.5.0/gems/activesupport-5.2.0/lib/active_support/dependencies.rb:283:in `block in require'
	from /home/server/.rbenv/versions/2.5.1/lib/ruby/gems/2.5.0/gems/activesupport-5.2.0/lib/active_support/dependencies.rb:249:in `load_dependency'
	from /home/server/.rbenv/versions/2.5.1/lib/ruby/gems/2.5.0/gems/activesupport-5.2.0/lib/active_support/dependencies.rb:283:in `require'
	from /mnt/c/investinvinnitsa/bin/rails:11:in `<top (required)>'
	from /home/server/.rbenv/versions/2.5.1/lib/ruby/gems/2.5.0/gems/spring-2.0.2/lib/spring/client/rails.rb:28:in `load'
	from /home/server/.rbenv/versions/2.5.1/lib/ruby/gems/2.5.0/gems/spring-2.0.2/lib/spring/client/rails.rb:28:in `call'
	from /home/server/.rbenv/versions/2.5.1/lib/ruby/gems/2.5.0/gems/spring-2.0.2/lib/spring/client/command.rb:7:in `call'
	from /home/server/.rbenv/versions/2.5.1/lib/ruby/gems/2.5.0/gems/spring-2.0.2/lib/spring/client.rb:30:in `run'
	from /home/server/.rbenv/versions/2.5.1/lib/ruby/gems/2.5.0/gems/spring-2.0.2/bin/spring:49:in `<top (required)>'
	from /home/server/.rbenv/versions/2.5.1/lib/ruby/gems/2.5.0/gems/spring-2.0.2/lib/spring/binstub.rb:31:in `load'
	from /home/server/.rbenv/versions/2.5.1/lib/ruby/gems/2.5.0/gems/spring-2.0.2/lib/spring/binstub.rb:31:in `<top (required)>'
	from /home/server/.rbenv/versions/2.5.1/lib/ruby/2.5.0/rubygems/core_ext/kernel_require.rb:70:in `require'
	from /home/server/.rbenv/versions/2.5.1/lib/ruby/2.5.0/rubygems/core_ext/kernel_require.rb:70:in `require'
	from /mnt/c/investinvinnitsa/bin/spring:16:in `<top (required)>'
	from /mnt/c/investinvinnitsa/bin/rails:5:in `load'
	from /mnt/c/investinvinnitsa/bin/rails:5:in `<main>'
=== puma startup: 2019-11-21 14:21:21 +0200 ===
/home/server/.rbenv/versions/2.5.1/lib/ruby/gems/2.5.0/gems/puma-3.11.4/lib/puma/binder.rb:368:in `listen': Address already in use - listen(2) (Errno::EADDRINUSE)
	from /home/server/.rbenv/versions/2.5.1/lib/ruby/gems/2.5.0/gems/puma-3.11.4/lib/puma/binder.rb:368:in `add_unix_listener'
	from (eval):2:in `add_unix_listener'
	from /home/server/.rbenv/versions/2.5.1/lib/ruby/gems/2.5.0/gems/puma-3.11.4/lib/puma/runner.rb:65:in `start_control'
	from /home/server/.rbenv/versions/2.5.1/lib/ruby/gems/2.5.0/gems/puma-3.11.4/lib/puma/cluster.rb:447:in `run'
	from /home/server/.rbenv/versions/2.5.1/lib/ruby/gems/2.5.0/gems/puma-3.11.4/lib/puma/launcher.rb:184:in `run'
	from /home/server/.rbenv/versions/2.5.1/lib/ruby/gems/2.5.0/gems/puma-3.11.4/lib/rack/handler/puma.rb:70:in `run'
	from /home/server/.rbenv/versions/2.5.1/lib/ruby/gems/2.5.0/gems/rack-2.0.5/lib/rack/server.rb:297:in `start'
	from /home/server/.rbenv/versions/2.5.1/lib/ruby/gems/2.5.0/gems/railties-5.2.0/lib/rails/commands/server/server_command.rb:53:in `start'
	from /home/server/.rbenv/versions/2.5.1/lib/ruby/gems/2.5.0/gems/railties-5.2.0/lib/rails/commands/server/server_command.rb:147:in `block in perform'
	from /home/server/.rbenv/versions/2.5.1/lib/ruby/gems/2.5.0/gems/railties-5.2.0/lib/rails/commands/server/server_command.rb:142:in `tap'
	from /home/server/.rbenv/versions/2.5.1/lib/ruby/gems/2.5.0/gems/railties-5.2.0/lib/rails/commands/server/server_command.rb:142:in `perform'
	from /home/server/.rbenv/versions/2.5.1/lib/ruby/gems/2.5.0/gems/thor-0.20.0/lib/thor/command.rb:27:in `run'
	from /home/server/.rbenv/versions/2.5.1/lib/ruby/gems/2.5.0/gems/thor-0.20.0/lib/thor/invocation.rb:126:in `invoke_command'
	from /home/server/.rbenv/versions/2.5.1/lib/ruby/gems/2.5.0/gems/thor-0.20.0/lib/thor.rb:387:in `dispatch'
	from /home/server/.rbenv/versions/2.5.1/lib/ruby/gems/2.5.0/gems/railties-5.2.0/lib/rails/command/base.rb:65:in `perform'
	from /home/server/.rbenv/versions/2.5.1/lib/ruby/gems/2.5.0/gems/railties-5.2.0/lib/rails/command.rb:46:in `invoke'
	from /home/server/.rbenv/versions/2.5.1/lib/ruby/gems/2.5.0/gems/railties-5.2.0/lib/rails/commands.rb:18:in `<main>'
	from /home/server/.rbenv/versions/2.5.1/lib/ruby/gems/2.5.0/gems/bootsnap-1.3.1/lib/bootsnap/load_path_cache/core_ext/kernel_require.rb:21:in `require'
	from /home/server/.rbenv/versions/2.5.1/lib/ruby/gems/2.5.0/gems/bootsnap-1.3.1/lib/bootsnap/load_path_cache/core_ext/kernel_require.rb:21:in `block in require_with_bootsnap_lfi'
	from /home/server/.rbenv/versions/2.5.1/lib/ruby/gems/2.5.0/gems/bootsnap-1.3.1/lib/bootsnap/load_path_cache/loaded_features_index.rb:65:in `register'
	from /home/server/.rbenv/versions/2.5.1/lib/ruby/gems/2.5.0/gems/bootsnap-1.3.1/lib/bootsnap/load_path_cache/core_ext/kernel_require.rb:20:in `require_with_bootsnap_lfi'
	from /home/server/.rbenv/versions/2.5.1/lib/ruby/gems/2.5.0/gems/bootsnap-1.3.1/lib/bootsnap/load_path_cache/core_ext/kernel_require.rb:29:in `require'
	from /home/server/.rbenv/versions/2.5.1/lib/ruby/gems/2.5.0/gems/activesupport-5.2.0/lib/active_support/dependencies.rb:283:in `block in require'
	from /home/server/.rbenv/versions/2.5.1/lib/ruby/gems/2.5.0/gems/activesupport-5.2.0/lib/active_support/dependencies.rb:249:in `load_dependency'
	from /home/server/.rbenv/versions/2.5.1/lib/ruby/gems/2.5.0/gems/activesupport-5.2.0/lib/active_support/dependencies.rb:283:in `require'
	from /mnt/c/investinvinnitsa/bin/rails:11:in `<top (required)>'
	from /home/server/.rbenv/versions/2.5.1/lib/ruby/gems/2.5.0/gems/spring-2.0.2/lib/spring/client/rails.rb:28:in `load'
	from /home/server/.rbenv/versions/2.5.1/lib/ruby/gems/2.5.0/gems/spring-2.0.2/lib/spring/client/rails.rb:28:in `call'
	from /home/server/.rbenv/versions/2.5.1/lib/ruby/gems/2.5.0/gems/spring-2.0.2/lib/spring/client/command.rb:7:in `call'
	from /home/server/.rbenv/versions/2.5.1/lib/ruby/gems/2.5.0/gems/spring-2.0.2/lib/spring/client.rb:30:in `run'
	from /home/server/.rbenv/versions/2.5.1/lib/ruby/gems/2.5.0/gems/spring-2.0.2/bin/spring:49:in `<top (required)>'
	from /home/server/.rbenv/versions/2.5.1/lib/ruby/gems/2.5.0/gems/spring-2.0.2/lib/spring/binstub.rb:31:in `load'
	from /home/server/.rbenv/versions/2.5.1/lib/ruby/gems/2.5.0/gems/spring-2.0.2/lib/spring/binstub.rb:31:in `<top (required)>'
	from /home/server/.rbenv/versions/2.5.1/lib/ruby/2.5.0/rubygems/core_ext/kernel_require.rb:70:in `require'
	from /home/server/.rbenv/versions/2.5.1/lib/ruby/2.5.0/rubygems/core_ext/kernel_require.rb:70:in `require'
	from /mnt/c/investinvinnitsa/bin/spring:16:in `<top (required)>'
	from /mnt/c/investinvinnitsa/bin/rails:5:in `load'
	from /mnt/c/investinvinnitsa/bin/rails:5:in `<main>'
=== puma startup: 2019-11-21 14:22:10 +0200 ===
/home/server/.rbenv/versions/2.5.1/lib/ruby/gems/2.5.0/gems/puma-3.11.4/lib/puma/binder.rb:368:in `listen': Address already in use - listen(2) (Errno::EADDRINUSE)
	from /home/server/.rbenv/versions/2.5.1/lib/ruby/gems/2.5.0/gems/puma-3.11.4/lib/puma/binder.rb:368:in `add_unix_listener'
	from (eval):2:in `add_unix_listener'
	from /home/server/.rbenv/versions/2.5.1/lib/ruby/gems/2.5.0/gems/puma-3.11.4/lib/puma/runner.rb:65:in `start_control'
	from /home/server/.rbenv/versions/2.5.1/lib/ruby/gems/2.5.0/gems/puma-3.11.4/lib/puma/cluster.rb:447:in `run'
	from /home/server/.rbenv/versions/2.5.1/lib/ruby/gems/2.5.0/gems/puma-3.11.4/lib/puma/launcher.rb:184:in `run'
	from /home/server/.rbenv/versions/2.5.1/lib/ruby/gems/2.5.0/gems/puma-3.11.4/lib/rack/handler/puma.rb:70:in `run'
	from /home/server/.rbenv/versions/2.5.1/lib/ruby/gems/2.5.0/gems/rack-2.0.5/lib/rack/server.rb:297:in `start'
	from /home/server/.rbenv/versions/2.5.1/lib/ruby/gems/2.5.0/gems/railties-5.2.0/lib/rails/commands/server/server_command.rb:53:in `start'
	from /home/server/.rbenv/versions/2.5.1/lib/ruby/gems/2.5.0/gems/railties-5.2.0/lib/rails/commands/server/server_command.rb:147:in `block in perform'
	from /home/server/.rbenv/versions/2.5.1/lib/ruby/gems/2.5.0/gems/railties-5.2.0/lib/rails/commands/server/server_command.rb:142:in `tap'
	from /home/server/.rbenv/versions/2.5.1/lib/ruby/gems/2.5.0/gems/railties-5.2.0/lib/rails/commands/server/server_command.rb:142:in `perform'
	from /home/server/.rbenv/versions/2.5.1/lib/ruby/gems/2.5.0/gems/thor-0.20.0/lib/thor/command.rb:27:in `run'
	from /home/server/.rbenv/versions/2.5.1/lib/ruby/gems/2.5.0/gems/thor-0.20.0/lib/thor/invocation.rb:126:in `invoke_command'
	from /home/server/.rbenv/versions/2.5.1/lib/ruby/gems/2.5.0/gems/thor-0.20.0/lib/thor.rb:387:in `dispatch'
	from /home/server/.rbenv/versions/2.5.1/lib/ruby/gems/2.5.0/gems/railties-5.2.0/lib/rails/command/base.rb:65:in `perform'
	from /home/server/.rbenv/versions/2.5.1/lib/ruby/gems/2.5.0/gems/railties-5.2.0/lib/rails/command.rb:46:in `invoke'
	from /home/server/.rbenv/versions/2.5.1/lib/ruby/gems/2.5.0/gems/railties-5.2.0/lib/rails/commands.rb:18:in `<main>'
	from /home/server/.rbenv/versions/2.5.1/lib/ruby/gems/2.5.0/gems/bootsnap-1.3.1/lib/bootsnap/load_path_cache/core_ext/kernel_require.rb:21:in `require'
	from /home/server/.rbenv/versions/2.5.1/lib/ruby/gems/2.5.0/gems/bootsnap-1.3.1/lib/bootsnap/load_path_cache/core_ext/kernel_require.rb:21:in `block in require_with_bootsnap_lfi'
	from /home/server/.rbenv/versions/2.5.1/lib/ruby/gems/2.5.0/gems/bootsnap-1.3.1/lib/bootsnap/load_path_cache/loaded_features_index.rb:65:in `register'
	from /home/server/.rbenv/versions/2.5.1/lib/ruby/gems/2.5.0/gems/bootsnap-1.3.1/lib/bootsnap/load_path_cache/core_ext/kernel_require.rb:20:in `require_with_bootsnap_lfi'
	from /home/server/.rbenv/versions/2.5.1/lib/ruby/gems/2.5.0/gems/bootsnap-1.3.1/lib/bootsnap/load_path_cache/core_ext/kernel_require.rb:29:in `require'
	from /home/server/.rbenv/versions/2.5.1/lib/ruby/gems/2.5.0/gems/activesupport-5.2.0/lib/active_support/dependencies.rb:283:in `block in require'
	from /home/server/.rbenv/versions/2.5.1/lib/ruby/gems/2.5.0/gems/activesupport-5.2.0/lib/active_support/dependencies.rb:249:in `load_dependency'
	from /home/server/.rbenv/versions/2.5.1/lib/ruby/gems/2.5.0/gems/activesupport-5.2.0/lib/active_support/dependencies.rb:283:in `require'
	from /mnt/c/investinvinnitsa/bin/rails:11:in `<top (required)>'
	from /home/server/.rbenv/versions/2.5.1/lib/ruby/gems/2.5.0/gems/spring-2.0.2/lib/spring/client/rails.rb:28:in `load'
	from /home/server/.rbenv/versions/2.5.1/lib/ruby/gems/2.5.0/gems/spring-2.0.2/lib/spring/client/rails.rb:28:in `call'
	from /home/server/.rbenv/versions/2.5.1/lib/ruby/gems/2.5.0/gems/spring-2.0.2/lib/spring/client/command.rb:7:in `call'
	from /home/server/.rbenv/versions/2.5.1/lib/ruby/gems/2.5.0/gems/spring-2.0.2/lib/spring/client.rb:30:in `run'
	from /home/server/.rbenv/versions/2.5.1/lib/ruby/gems/2.5.0/gems/spring-2.0.2/bin/spring:49:in `<top (required)>'
	from /home/server/.rbenv/versions/2.5.1/lib/ruby/gems/2.5.0/gems/spring-2.0.2/lib/spring/binstub.rb:31:in `load'
	from /home/server/.rbenv/versions/2.5.1/lib/ruby/gems/2.5.0/gems/spring-2.0.2/lib/spring/binstub.rb:31:in `<top (required)>'
	from /home/server/.rbenv/versions/2.5.1/lib/ruby/2.5.0/rubygems/core_ext/kernel_require.rb:70:in `require'
	from /home/server/.rbenv/versions/2.5.1/lib/ruby/2.5.0/rubygems/core_ext/kernel_require.rb:70:in `require'
	from /mnt/c/investinvinnitsa/bin/spring:16:in `<top (required)>'
	from /mnt/c/investinvinnitsa/bin/rails:5:in `load'
	from /mnt/c/investinvinnitsa/bin/rails:5:in `<main>'
=== puma startup: 2019-11-21 14:47:32 +0200 ===
/home/server/.rbenv/versions/2.5.1/lib/ruby/gems/2.5.0/gems/puma-3.11.4/lib/puma/binder.rb:368:in `listen': Address already in use - listen(2) (Errno::EADDRINUSE)
	from /home/server/.rbenv/versions/2.5.1/lib/ruby/gems/2.5.0/gems/puma-3.11.4/lib/puma/binder.rb:368:in `add_unix_listener'
	from (eval):2:in `add_unix_listener'
	from /home/server/.rbenv/versions/2.5.1/lib/ruby/gems/2.5.0/gems/puma-3.11.4/lib/puma/runner.rb:65:in `start_control'
	from /home/server/.rbenv/versions/2.5.1/lib/ruby/gems/2.5.0/gems/puma-3.11.4/lib/puma/cluster.rb:447:in `run'
	from /home/server/.rbenv/versions/2.5.1/lib/ruby/gems/2.5.0/gems/puma-3.11.4/lib/puma/launcher.rb:184:in `run'
	from /home/server/.rbenv/versions/2.5.1/lib/ruby/gems/2.5.0/gems/puma-3.11.4/lib/rack/handler/puma.rb:70:in `run'
	from /home/server/.rbenv/versions/2.5.1/lib/ruby/gems/2.5.0/gems/rack-2.0.5/lib/rack/server.rb:297:in `start'
	from /home/server/.rbenv/versions/2.5.1/lib/ruby/gems/2.5.0/gems/railties-5.2.0/lib/rails/commands/server/server_command.rb:53:in `start'
	from /home/server/.rbenv/versions/2.5.1/lib/ruby/gems/2.5.0/gems/railties-5.2.0/lib/rails/commands/server/server_command.rb:147:in `block in perform'
	from /home/server/.rbenv/versions/2.5.1/lib/ruby/gems/2.5.0/gems/railties-5.2.0/lib/rails/commands/server/server_command.rb:142:in `tap'
	from /home/server/.rbenv/versions/2.5.1/lib/ruby/gems/2.5.0/gems/railties-5.2.0/lib/rails/commands/server/server_command.rb:142:in `perform'
	from /home/server/.rbenv/versions/2.5.1/lib/ruby/gems/2.5.0/gems/thor-0.20.0/lib/thor/command.rb:27:in `run'
	from /home/server/.rbenv/versions/2.5.1/lib/ruby/gems/2.5.0/gems/thor-0.20.0/lib/thor/invocation.rb:126:in `invoke_command'
	from /home/server/.rbenv/versions/2.5.1/lib/ruby/gems/2.5.0/gems/thor-0.20.0/lib/thor.rb:387:in `dispatch'
	from /home/server/.rbenv/versions/2.5.1/lib/ruby/gems/2.5.0/gems/railties-5.2.0/lib/rails/command/base.rb:65:in `perform'
	from /home/server/.rbenv/versions/2.5.1/lib/ruby/gems/2.5.0/gems/railties-5.2.0/lib/rails/command.rb:46:in `invoke'
	from /home/server/.rbenv/versions/2.5.1/lib/ruby/gems/2.5.0/gems/railties-5.2.0/lib/rails/commands.rb:18:in `<main>'
	from /home/server/.rbenv/versions/2.5.1/lib/ruby/gems/2.5.0/gems/bootsnap-1.3.1/lib/bootsnap/load_path_cache/core_ext/kernel_require.rb:21:in `require'
	from /home/server/.rbenv/versions/2.5.1/lib/ruby/gems/2.5.0/gems/bootsnap-1.3.1/lib/bootsnap/load_path_cache/core_ext/kernel_require.rb:21:in `block in require_with_bootsnap_lfi'
	from /home/server/.rbenv/versions/2.5.1/lib/ruby/gems/2.5.0/gems/bootsnap-1.3.1/lib/bootsnap/load_path_cache/loaded_features_index.rb:65:in `register'
	from /home/server/.rbenv/versions/2.5.1/lib/ruby/gems/2.5.0/gems/bootsnap-1.3.1/lib/bootsnap/load_path_cache/core_ext/kernel_require.rb:20:in `require_with_bootsnap_lfi'
	from /home/server/.rbenv/versions/2.5.1/lib/ruby/gems/2.5.0/gems/bootsnap-1.3.1/lib/bootsnap/load_path_cache/core_ext/kernel_require.rb:29:in `require'
	from /home/server/.rbenv/versions/2.5.1/lib/ruby/gems/2.5.0/gems/activesupport-5.2.0/lib/active_support/dependencies.rb:283:in `block in require'
	from /home/server/.rbenv/versions/2.5.1/lib/ruby/gems/2.5.0/gems/activesupport-5.2.0/lib/active_support/dependencies.rb:249:in `load_dependency'
	from /home/server/.rbenv/versions/2.5.1/lib/ruby/gems/2.5.0/gems/activesupport-5.2.0/lib/active_support/dependencies.rb:283:in `require'
	from /mnt/c/investinvinnitsa/bin/rails:11:in `<top (required)>'
	from /home/server/.rbenv/versions/2.5.1/lib/ruby/gems/2.5.0/gems/spring-2.0.2/lib/spring/client/rails.rb:28:in `load'
	from /home/server/.rbenv/versions/2.5.1/lib/ruby/gems/2.5.0/gems/spring-2.0.2/lib/spring/client/rails.rb:28:in `call'
	from /home/server/.rbenv/versions/2.5.1/lib/ruby/gems/2.5.0/gems/spring-2.0.2/lib/spring/client/command.rb:7:in `call'
	from /home/server/.rbenv/versions/2.5.1/lib/ruby/gems/2.5.0/gems/spring-2.0.2/lib/spring/client.rb:30:in `run'
	from /home/server/.rbenv/versions/2.5.1/lib/ruby/gems/2.5.0/gems/spring-2.0.2/bin/spring:49:in `<top (required)>'
	from /home/server/.rbenv/versions/2.5.1/lib/ruby/gems/2.5.0/gems/spring-2.0.2/lib/spring/binstub.rb:31:in `load'
	from /home/server/.rbenv/versions/2.5.1/lib/ruby/gems/2.5.0/gems/spring-2.0.2/lib/spring/binstub.rb:31:in `<top (required)>'
	from /home/server/.rbenv/versions/2.5.1/lib/ruby/2.5.0/rubygems/core_ext/kernel_require.rb:70:in `require'
	from /home/server/.rbenv/versions/2.5.1/lib/ruby/2.5.0/rubygems/core_ext/kernel_require.rb:70:in `require'
	from /mnt/c/investinvinnitsa/bin/spring:16:in `<top (required)>'
	from /mnt/c/investinvinnitsa/bin/rails:5:in `load'
	from /mnt/c/investinvinnitsa/bin/rails:5:in `<main>'
=== puma startup: 2019-11-21 14:50:56 +0200 ===
Errno::EADDRINUSE: Address already in use - listen(2)
  /home/server/.rbenv/versions/2.5.1/lib/ruby/gems/2.5.0/gems/puma-3.11.4/lib/puma/binder.rb:368:in `listen'
  /home/server/.rbenv/versions/2.5.1/lib/ruby/gems/2.5.0/gems/puma-3.11.4/lib/puma/binder.rb:368:in `add_unix_listener'
  (eval):2:in `add_unix_listener'
  /home/server/.rbenv/versions/2.5.1/lib/ruby/gems/2.5.0/gems/puma-3.11.4/lib/puma/runner.rb:65:in `start_control'
  /home/server/.rbenv/versions/2.5.1/lib/ruby/gems/2.5.0/gems/puma-3.11.4/lib/puma/cluster.rb:447:in `run'
  /home/server/.rbenv/versions/2.5.1/lib/ruby/gems/2.5.0/gems/puma-3.11.4/lib/puma/launcher.rb:184:in `run'
  /home/server/.rbenv/versions/2.5.1/lib/ruby/gems/2.5.0/gems/puma-3.11.4/lib/puma/cli.rb:78:in `run'
  /home/server/.rbenv/versions/2.5.1/lib/ruby/gems/2.5.0/gems/puma-3.11.4/bin/puma:10:in `<top (required)>'
  /home/server/.rbenv/versions/2.5.1/bin/puma:23:in `load'
  /home/server/.rbenv/versions/2.5.1/bin/puma:23:in `<top (required)>'
=== puma startup: 2019-11-21 14:52:52 +0200 ===
/home/server/.rbenv/versions/2.5.1/lib/ruby/gems/2.5.0/gems/puma-3.11.4/lib/puma/binder.rb:368:in `listen': Address already in use - listen(2) (Errno::EADDRINUSE)
	from /home/server/.rbenv/versions/2.5.1/lib/ruby/gems/2.5.0/gems/puma-3.11.4/lib/puma/binder.rb:368:in `add_unix_listener'
	from (eval):2:in `add_unix_listener'
	from /home/server/.rbenv/versions/2.5.1/lib/ruby/gems/2.5.0/gems/puma-3.11.4/lib/puma/runner.rb:65:in `start_control'
	from /home/server/.rbenv/versions/2.5.1/lib/ruby/gems/2.5.0/gems/puma-3.11.4/lib/puma/cluster.rb:447:in `run'
	from /home/server/.rbenv/versions/2.5.1/lib/ruby/gems/2.5.0/gems/puma-3.11.4/lib/puma/launcher.rb:184:in `run'
	from /home/server/.rbenv/versions/2.5.1/lib/ruby/gems/2.5.0/gems/puma-3.11.4/lib/rack/handler/puma.rb:70:in `run'
	from /home/server/.rbenv/versions/2.5.1/lib/ruby/gems/2.5.0/gems/rack-2.0.5/lib/rack/server.rb:297:in `start'
	from /home/server/.rbenv/versions/2.5.1/lib/ruby/gems/2.5.0/gems/railties-5.2.0/lib/rails/commands/server/server_command.rb:53:in `start'
	from /home/server/.rbenv/versions/2.5.1/lib/ruby/gems/2.5.0/gems/railties-5.2.0/lib/rails/commands/server/server_command.rb:147:in `block in perform'
	from /home/server/.rbenv/versions/2.5.1/lib/ruby/gems/2.5.0/gems/railties-5.2.0/lib/rails/commands/server/server_command.rb:142:in `tap'
	from /home/server/.rbenv/versions/2.5.1/lib/ruby/gems/2.5.0/gems/railties-5.2.0/lib/rails/commands/server/server_command.rb:142:in `perform'
	from /home/server/.rbenv/versions/2.5.1/lib/ruby/gems/2.5.0/gems/thor-0.20.0/lib/thor/command.rb:27:in `run'
	from /home/server/.rbenv/versions/2.5.1/lib/ruby/gems/2.5.0/gems/thor-0.20.0/lib/thor/invocation.rb:126:in `invoke_command'
	from /home/server/.rbenv/versions/2.5.1/lib/ruby/gems/2.5.0/gems/thor-0.20.0/lib/thor.rb:387:in `dispatch'
	from /home/server/.rbenv/versions/2.5.1/lib/ruby/gems/2.5.0/gems/railties-5.2.0/lib/rails/command/base.rb:65:in `perform'
	from /home/server/.rbenv/versions/2.5.1/lib/ruby/gems/2.5.0/gems/railties-5.2.0/lib/rails/command.rb:46:in `invoke'
	from /home/server/.rbenv/versions/2.5.1/lib/ruby/gems/2.5.0/gems/railties-5.2.0/lib/rails/commands.rb:18:in `<main>'
	from /home/server/.rbenv/versions/2.5.1/lib/ruby/gems/2.5.0/gems/bootsnap-1.3.1/lib/bootsnap/load_path_cache/core_ext/kernel_require.rb:21:in `require'
	from /home/server/.rbenv/versions/2.5.1/lib/ruby/gems/2.5.0/gems/bootsnap-1.3.1/lib/bootsnap/load_path_cache/core_ext/kernel_require.rb:21:in `block in require_with_bootsnap_lfi'
	from /home/server/.rbenv/versions/2.5.1/lib/ruby/gems/2.5.0/gems/bootsnap-1.3.1/lib/bootsnap/load_path_cache/loaded_features_index.rb:65:in `register'
	from /home/server/.rbenv/versions/2.5.1/lib/ruby/gems/2.5.0/gems/bootsnap-1.3.1/lib/bootsnap/load_path_cache/core_ext/kernel_require.rb:20:in `require_with_bootsnap_lfi'
	from /home/server/.rbenv/versions/2.5.1/lib/ruby/gems/2.5.0/gems/bootsnap-1.3.1/lib/bootsnap/load_path_cache/core_ext/kernel_require.rb:29:in `require'
	from /home/server/.rbenv/versions/2.5.1/lib/ruby/gems/2.5.0/gems/activesupport-5.2.0/lib/active_support/dependencies.rb:283:in `block in require'
	from /home/server/.rbenv/versions/2.5.1/lib/ruby/gems/2.5.0/gems/activesupport-5.2.0/lib/active_support/dependencies.rb:249:in `load_dependency'
	from /home/server/.rbenv/versions/2.5.1/lib/ruby/gems/2.5.0/gems/activesupport-5.2.0/lib/active_support/dependencies.rb:283:in `require'
	from /mnt/c/investinvinnitsa/bin/rails:11:in `<top (required)>'
	from /home/server/.rbenv/versions/2.5.1/lib/ruby/gems/2.5.0/gems/spring-2.0.2/lib/spring/client/rails.rb:28:in `load'
	from /home/server/.rbenv/versions/2.5.1/lib/ruby/gems/2.5.0/gems/spring-2.0.2/lib/spring/client/rails.rb:28:in `call'
	from /home/server/.rbenv/versions/2.5.1/lib/ruby/gems/2.5.0/gems/spring-2.0.2/lib/spring/client/command.rb:7:in `call'
	from /home/server/.rbenv/versions/2.5.1/lib/ruby/gems/2.5.0/gems/spring-2.0.2/lib/spring/client.rb:30:in `run'
	from /home/server/.rbenv/versions/2.5.1/lib/ruby/gems/2.5.0/gems/spring-2.0.2/bin/spring:49:in `<top (required)>'
	from /home/server/.rbenv/versions/2.5.1/lib/ruby/gems/2.5.0/gems/spring-2.0.2/lib/spring/binstub.rb:31:in `load'
	from /home/server/.rbenv/versions/2.5.1/lib/ruby/gems/2.5.0/gems/spring-2.0.2/lib/spring/binstub.rb:31:in `<top (required)>'
	from /home/server/.rbenv/versions/2.5.1/lib/ruby/2.5.0/rubygems/core_ext/kernel_require.rb:70:in `require'
	from /home/server/.rbenv/versions/2.5.1/lib/ruby/2.5.0/rubygems/core_ext/kernel_require.rb:70:in `require'
	from /mnt/c/investinvinnitsa/bin/spring:16:in `<top (required)>'
	from /mnt/c/investinvinnitsa/bin/rails:5:in `load'
	from /mnt/c/investinvinnitsa/bin/rails:5:in `<main>'
=== puma startup: 2019-11-21 17:57:44 +0200 ===
/home/server/.rbenv/versions/2.5.1/lib/ruby/gems/2.5.0/gems/puma-3.11.4/lib/puma/binder.rb:368:in `listen': Address already in use - listen(2) (Errno::EADDRINUSE)
	from /home/server/.rbenv/versions/2.5.1/lib/ruby/gems/2.5.0/gems/puma-3.11.4/lib/puma/binder.rb:368:in `add_unix_listener'
	from (eval):2:in `add_unix_listener'
	from /home/server/.rbenv/versions/2.5.1/lib/ruby/gems/2.5.0/gems/puma-3.11.4/lib/puma/runner.rb:65:in `start_control'
	from /home/server/.rbenv/versions/2.5.1/lib/ruby/gems/2.5.0/gems/puma-3.11.4/lib/puma/cluster.rb:447:in `run'
	from /home/server/.rbenv/versions/2.5.1/lib/ruby/gems/2.5.0/gems/puma-3.11.4/lib/puma/launcher.rb:184:in `run'
	from /home/server/.rbenv/versions/2.5.1/lib/ruby/gems/2.5.0/gems/puma-3.11.4/lib/rack/handler/puma.rb:70:in `run'
	from /home/server/.rbenv/versions/2.5.1/lib/ruby/gems/2.5.0/gems/rack-2.0.5/lib/rack/server.rb:297:in `start'
	from /home/server/.rbenv/versions/2.5.1/lib/ruby/gems/2.5.0/gems/railties-5.2.0/lib/rails/commands/server/server_command.rb:53:in `start'
	from /home/server/.rbenv/versions/2.5.1/lib/ruby/gems/2.5.0/gems/railties-5.2.0/lib/rails/commands/server/server_command.rb:147:in `block in perform'
	from /home/server/.rbenv/versions/2.5.1/lib/ruby/gems/2.5.0/gems/railties-5.2.0/lib/rails/commands/server/server_command.rb:142:in `tap'
	from /home/server/.rbenv/versions/2.5.1/lib/ruby/gems/2.5.0/gems/railties-5.2.0/lib/rails/commands/server/server_command.rb:142:in `perform'
	from /home/server/.rbenv/versions/2.5.1/lib/ruby/gems/2.5.0/gems/thor-0.20.0/lib/thor/command.rb:27:in `run'
	from /home/server/.rbenv/versions/2.5.1/lib/ruby/gems/2.5.0/gems/thor-0.20.0/lib/thor/invocation.rb:126:in `invoke_command'
	from /home/server/.rbenv/versions/2.5.1/lib/ruby/gems/2.5.0/gems/thor-0.20.0/lib/thor.rb:387:in `dispatch'
	from /home/server/.rbenv/versions/2.5.1/lib/ruby/gems/2.5.0/gems/railties-5.2.0/lib/rails/command/base.rb:65:in `perform'
	from /home/server/.rbenv/versions/2.5.1/lib/ruby/gems/2.5.0/gems/railties-5.2.0/lib/rails/command.rb:46:in `invoke'
	from /home/server/.rbenv/versions/2.5.1/lib/ruby/gems/2.5.0/gems/railties-5.2.0/lib/rails/commands.rb:18:in `<main>'
	from /home/server/.rbenv/versions/2.5.1/lib/ruby/gems/2.5.0/gems/bootsnap-1.3.1/lib/bootsnap/load_path_cache/core_ext/kernel_require.rb:21:in `require'
	from /home/server/.rbenv/versions/2.5.1/lib/ruby/gems/2.5.0/gems/bootsnap-1.3.1/lib/bootsnap/load_path_cache/core_ext/kernel_require.rb:21:in `block in require_with_bootsnap_lfi'
	from /home/server/.rbenv/versions/2.5.1/lib/ruby/gems/2.5.0/gems/bootsnap-1.3.1/lib/bootsnap/load_path_cache/loaded_features_index.rb:65:in `register'
	from /home/server/.rbenv/versions/2.5.1/lib/ruby/gems/2.5.0/gems/bootsnap-1.3.1/lib/bootsnap/load_path_cache/core_ext/kernel_require.rb:20:in `require_with_bootsnap_lfi'
	from /home/server/.rbenv/versions/2.5.1/lib/ruby/gems/2.5.0/gems/bootsnap-1.3.1/lib/bootsnap/load_path_cache/core_ext/kernel_require.rb:29:in `require'
	from /home/server/.rbenv/versions/2.5.1/lib/ruby/gems/2.5.0/gems/activesupport-5.2.0/lib/active_support/dependencies.rb:283:in `block in require'
	from /home/server/.rbenv/versions/2.5.1/lib/ruby/gems/2.5.0/gems/activesupport-5.2.0/lib/active_support/dependencies.rb:249:in `load_dependency'
	from /home/server/.rbenv/versions/2.5.1/lib/ruby/gems/2.5.0/gems/activesupport-5.2.0/lib/active_support/dependencies.rb:283:in `require'
	from /mnt/c/investinvinnitsa/bin/rails:11:in `<top (required)>'
	from /home/server/.rbenv/versions/2.5.1/lib/ruby/gems/2.5.0/gems/spring-2.0.2/lib/spring/client/rails.rb:28:in `load'
	from /home/server/.rbenv/versions/2.5.1/lib/ruby/gems/2.5.0/gems/spring-2.0.2/lib/spring/client/rails.rb:28:in `call'
	from /home/server/.rbenv/versions/2.5.1/lib/ruby/gems/2.5.0/gems/spring-2.0.2/lib/spring/client/command.rb:7:in `call'
	from /home/server/.rbenv/versions/2.5.1/lib/ruby/gems/2.5.0/gems/spring-2.0.2/lib/spring/client.rb:30:in `run'
	from /home/server/.rbenv/versions/2.5.1/lib/ruby/gems/2.5.0/gems/spring-2.0.2/bin/spring:49:in `<top (required)>'
	from /home/server/.rbenv/versions/2.5.1/lib/ruby/gems/2.5.0/gems/spring-2.0.2/lib/spring/binstub.rb:31:in `load'
	from /home/server/.rbenv/versions/2.5.1/lib/ruby/gems/2.5.0/gems/spring-2.0.2/lib/spring/binstub.rb:31:in `<top (required)>'
	from /home/server/.rbenv/versions/2.5.1/lib/ruby/2.5.0/rubygems/core_ext/kernel_require.rb:70:in `require'
	from /home/server/.rbenv/versions/2.5.1/lib/ruby/2.5.0/rubygems/core_ext/kernel_require.rb:70:in `require'
	from /mnt/c/investinvinnitsa/bin/spring:16:in `<top (required)>'
	from /mnt/c/investinvinnitsa/bin/rails:5:in `load'
	from /mnt/c/investinvinnitsa/bin/rails:5:in `<main>'
